<?xml version="1.0" encoding="utf-8"?><testsuites><testsuite errors="0" failures="0" hostname="Mukunds-MacBook-Pro.local" name="pytest" skipped="0" tests="1" time="0.458" timestamp="2021-04-12T11:47:44.374321"><testcase classname="testcore.test_testcore" file="testcore/test_testcore.py" line="103" name="test_confusion_matrix_computation" time="0.198"></testcase></testsuite></testsuites>